# JRE version: Java(TM) SE Runtime Environment (8.0_112-b15) (build 1.8.0_112-b15)
# Java VM: Java HotSpot(TM) 64-Bit Server VM (25.112-b15 mixed mode windows-amd64 compressed oops)
Heap:
 PSYoungGen      total 18944K, used 9520K [0x00000000eb180000, 0x00000000ed280000, 0x0000000100000000)
  eden space 16384K, 52% used [0x00000000eb180000,0x00000000eb9e1d08,0x00000000ec180000)
  from space 2560K, 36% used [0x00000000ec180000,0x00000000ec26a4a0,0x00000000ec400000)
  to   space 2560K, 0% used [0x00000000ed000000,0x00000000ed000000,0x00000000ed280000)
 ParOldGen       total 64000K, used 14619K [0x00000000c1400000, 0x00000000c5280000, 0x00000000eb180000)
  object space 64000K, 22% used [0x00000000c1400000,0x00000000c2246e98,0x00000000c5280000)
 Metaspace       used 18246K, capacity 18454K, committed 18816K, reserved 1064960K
  class space    used 2313K, capacity 2421K, committed 2432K, reserved 1048576K
GC Heap History (8 events):
Event: 0.802 GC heap before
{Heap before GC invocations=1 (full 0):
 PSYoungGen      total 18944K, used 9812K [0x00000000eb180000, 0x00000000ec680000, 0x0000000100000000)
  eden space 16384K, 59% used [0x00000000eb180000,0x00000000ebb15128,0x00000000ec180000)
  from space 2560K, 0% used [0x00000000ec400000,0x00000000ec400000,0x00000000ec680000)
  to   space 2560K, 0% used [0x00000000ec180000,0x00000000ec180000,0x00000000ec400000)
 ParOldGen       total 44032K, used 0K [0x00000000c1400000, 0x00000000c3f00000, 0x00000000eb180000)
  object space 44032K, 0% used [0x00000000c1400000,0x00000000c1400000,0x00000000c3f00000)
 Metaspace       used 13782K, capacity 13964K, committed 14336K, reserved 1060864K
  class space    used 1900K, capacity 1970K, committed 2048K, reserved 1048576K
Event: 0.810 GC heap after
Heap after GC invocations=1 (full 0):
 PSYoungGen      total 18944K, used 2528K [0x00000000eb180000, 0x00000000ec680000, 0x0000000100000000)
  eden space 16384K, 0% used [0x00000000eb180000,0x00000000eb180000,0x00000000ec180000)
  from space 2560K, 98% used [0x00000000ec180000,0x00000000ec3f8020,0x00000000ec400000)
  to   space 2560K, 0% used [0x00000000ec400000,0x00000000ec400000,0x00000000ec680000)
 ParOldGen       total 44032K, used 4002K [0x00000000c1400000, 0x00000000c3f00000, 0x00000000eb180000)
  object space 44032K, 9% used [0x00000000c1400000,0x00000000c17e89e0,0x00000000c3f00000)
 Metaspace       used 13782K, capacity 13964K, committed 14336K, reserved 1060864K
  class space    used 1900K, capacity 1970K, committed 2048K, reserved 1048576K
}
Event: 0.855 GC heap before
{Heap before GC invocations=2 (full 0):
 PSYoungGen      total 18944K, used 18912K [0x00000000eb180000, 0x00000000ec680000, 0x0000000100000000)
  eden space 16384K, 100% used [0x00000000eb180000,0x00000000ec180000,0x00000000ec180000)
  from space 2560K, 98% used [0x00000000ec180000,0x00000000ec3f8020,0x00000000ec400000)
  to   space 2560K, 0% used [0x00000000ec400000,0x00000000ec400000,0x00000000ec680000)
 ParOldGen       total 44032K, used 4002K [0x00000000c1400000, 0x00000000c3f00000, 0x00000000eb180000)
  object space 44032K, 9% used [0x00000000c1400000,0x00000000c17e89e0,0x00000000c3f00000)
 Metaspace       used 13795K, capacity 13964K, committed 14336K, reserved 1060864K
  class space    used 1900K, capacity 1970K, committed 2048K, reserved 1048576K
Event: 0.869 GC heap after
Heap after GC invocations=2 (full 0):
 PSYoungGen      total 18944K, used 2560K [0x00000000eb180000, 0x00000000ed680000, 0x0000000100000000)
  eden space 16384K, 0% used [0x00000000eb180000,0x00000000eb180000,0x00000000ec180000)
  from space 2560K, 100% used [0x00000000ec400000,0x00000000ec680000,0x00000000ec680000)
  to   space 2560K, 0% used [0x00000000ec180000,0x00000000ec180000,0x00000000ec400000)
 ParOldGen       total 44032K, used 28334K [0x00000000c1400000, 0x00000000c3f00000, 0x00000000eb180000)
  object space 44032K, 64% used [0x00000000c1400000,0x00000000c2faba10,0x00000000c3f00000)
 Metaspace       used 13795K, capacity 13964K, committed 14336K, reserved 1060864K
  class space    used 1900K, capacity 1970K, committed 2048K, reserved 1048576K
}
Event: 0.869 GC heap before
{Heap before GC invocations=3 (full 1):
 PSYoungGen      total 18944K, used 2560K [0x00000000eb180000, 0x00000000ed680000, 0x0000000100000000)
  eden space 16384K, 0% used [0x00000000eb180000,0x00000000eb180000,0x00000000ec180000)
  from space 2560K, 100% used [0x00000000ec400000,0x00000000ec680000,0x00000000ec680000)
  to   space 2560K, 0% used [0x00000000ec180000,0x00000000ec180000,0x00000000ec400000)
 ParOldGen       total 44032K, used 28334K [0x00000000c1400000, 0x00000000c3f00000, 0x00000000eb180000)
  object space 44032K, 64% used [0x00000000c1400000,0x00000000c2faba10,0x00000000c3f00000)
 Metaspace       used 13795K, capacity 13964K, committed 14336K, reserved 1060864K
  class space    used 1900K, capacity 1970K, committed 2048K, reserved 1048576K
Event: 0.895 GC heap after
Heap after GC invocations=3 (full 1):
 PSYoungGen      total 18944K, used 0K [0x00000000eb180000, 0x00000000ed680000, 0x0000000100000000)
  eden space 16384K, 0% used [0x00000000eb180000,0x00000000eb180000,0x00000000ec180000)
  from space 2560K, 0% used [0x00000000ec400000,0x00000000ec400000,0x00000000ec680000)
  to   space 2560K, 0% used [0x00000000ec180000,0x00000000ec180000,0x00000000ec400000)
 ParOldGen       total 64000K, used 14619K [0x00000000c1400000, 0x00000000c5280000, 0x00000000eb180000)
  object space 64000K, 22% used [0x00000000c1400000,0x00000000c2246e98,0x00000000c5280000)
 Metaspace       used 13795K, capacity 13964K, committed 14336K, reserved 1060864K
  class space    used 1900K, capacity 1970K, committed 2048K, reserved 1048576K
}
Event: 15.951 GC heap before
{Heap before GC invocations=4 (full 1):
 PSYoungGen      total 18944K, used 16384K [0x00000000eb180000, 0x00000000ed680000, 0x0000000100000000)
  eden space 16384K, 100% used [0x00000000eb180000,0x00000000ec180000,0x00000000ec180000)
  from space 2560K, 0% used [0x00000000ec400000,0x00000000ec400000,0x00000000ec680000)
  to   space 2560K, 0% used [0x00000000ec180000,0x00000000ec180000,0x00000000ec400000)
 ParOldGen       total 64000K, used 14619K [0x00000000c1400000, 0x00000000c5280000, 0x00000000eb180000)
  object space 64000K, 22% used [0x00000000c1400000,0x00000000c2246e98,0x00000000c5280000)
 Metaspace       used 15429K, capacity 15632K, committed 16000K, reserved 1062912K
  class space    used 2027K, capacity 2098K, committed 2176K, reserved 1048576K
Event: 15.955 GC heap after
Heap after GC invocations=4 (full 1):
 PSYoungGen      total 18944K, used 937K [0x00000000eb180000, 0x00000000ed280000, 0x0000000100000000)
  eden space 16384K, 0% used [0x00000000eb180000,0x00000000eb180000,0x00000000ec180000)
  from space 2560K, 36% used [0x00000000ec180000,0x00000000ec26a4a0,0x00000000ec400000)
  to   space 2560K, 0% used [0x00000000ed000000,0x00000000ed000000,0x00000000ed280000)
 ParOldGen       total 64000K, used 14619K [0x00000000c1400000, 0x00000000c5280000, 0x00000000eb180000)
  object space 64000K, 22% used [0x00000000c1400000,0x00000000c2246e98,0x00000000c5280000)
 Metaspace       used 15429K, capacity 15632K, committed 16000K, reserved 1062912K
  class space    used 2027K, capacity 2098K, committed 2176K, reserved 1048576K
}

